\BOOKMARK [1][-]{section.1}{Introduction}{}% 1
\BOOKMARK [1][-]{section.2}{Small strain non-linear viscoelasticity in 1D}{}% 2
\BOOKMARK [2][-]{subsection.2.1}{Maxwell model kinetics and kinematics}{section.2}% 3
\BOOKMARK [2][-]{subsection.2.2}{Thermodynamic considerations}{section.2}% 4
\BOOKMARK [2][-]{subsection.2.3}{Temporal discretization}{section.2}% 5
\BOOKMARK [2][-]{subsection.2.4}{The framework}{section.2}% 6
\BOOKMARK [3][-]{subsubsection.2.4.1}{Satisfying the axioms of the Maxwell model}{subsection.2.4}% 7
\BOOKMARK [2][-]{subsection.2.5}{Some models and their behaviour}{section.2}% 8
\BOOKMARK [3][-]{subsubsection.2.5.1}{Linear viscoelasticity}{subsection.2.5}% 9
\BOOKMARK [3][-]{subsubsection.2.5.2}{Ostwald-de Waele model}{subsection.2.5}% 10
\BOOKMARK [3][-]{subsubsection.2.5.3}{Modified Ostwald-de Waele model}{subsection.2.5}% 11
\BOOKMARK [3][-]{subsubsection.2.5.4}{Carreau\205Yasuda model}{subsection.2.5}% 12
\BOOKMARK [3][-]{subsubsection.2.5.5}{Model behaviour}{subsection.2.5}% 13
\BOOKMARK [2][-]{subsection.2.6}{Fitting models to data}{section.2}% 14
\BOOKMARK [1][-]{section.3}{Small strain non-linear viscoelasticity in 3D}{}% 15
\BOOKMARK [2][-]{subsection.3.1}{Isochoric\205volumetric split}{section.3}% 16
\BOOKMARK [2][-]{subsection.3.2}{Maxwell model kinetics and kinematics}{section.3}% 17
\BOOKMARK [2][-]{subsection.3.3}{Thermodynamic considerations}{section.3}% 18
\BOOKMARK [2][-]{subsection.3.4}{The framework }{section.3}% 19
\BOOKMARK [3][-]{subsubsection.3.4.1}{Satisfying the axioms of the Maxwell model}{subsection.3.4}% 20
\BOOKMARK [2][-]{subsection.3.5}{Some models and their behaviour}{section.3}% 21
\BOOKMARK [3][-]{subsubsection.3.5.1}{Linear viscoelasticity}{subsection.3.5}% 22
\BOOKMARK [3][-]{subsubsection.3.5.2}{Ostwald-de Waele model}{subsection.3.5}% 23
\BOOKMARK [3][-]{subsubsection.3.5.3}{Modified Ostwald-de Waele model}{subsection.3.5}% 24
\BOOKMARK [3][-]{subsubsection.3.5.4}{Carreau\205Yasuda model}{subsection.3.5}% 25
\BOOKMARK [3][-]{subsubsection.3.5.5}{Model behaviour}{subsection.3.5}% 26
\BOOKMARK [2][-]{subsection.3.6}{Fitting models to data}{section.3}% 27
\BOOKMARK [1][-]{section.4}{Computational examples}{}% 28
\BOOKMARK [2][-]{subsection.4.1}{Inverse FE to fit models??}{section.4}% 29
\BOOKMARK [2][-]{subsection.4.2}{Impact loading on bone: comparison of results for different models}{section.4}% 30
\BOOKMARK [1][-]{appendix.A}{Other temporal approximations}{}% 31
\BOOKMARK [1][-]{appendix.B}{Why it's incorrect to simply insert a new viscosity at each time-step}{}% 32
\BOOKMARK [1][-]{appendix.C}{Some more detailed maths \(maybe\)}{}% 33
\BOOKMARK [1][-]{appendix.D}{Extension to finite strain}{}% 34
